<?xml version="1.0" encoding="UTF-8" standalone="no"?>
<!DOCTYPE log SYSTEM "logger.dtd">
<log>
<record>
  <date>2017-07-05T16:39:58.314-0300</date>
  <logger>THIAGO CUNHA MONTENEGRO</logger>
  <level>FINE</level>
  <message>File 115211060-THIAGO CUNHA MONTENEGRO.zip was received. It was sent by THIAGO CUNHA MONTENEGRO from IP 127.0.1.1</message>
</record>
</log>
<?xml version="1.0" encoding="UTF-8" standalone="no"?>
<!DOCTYPE log SYSTEM "logger.dtd">
<log>
<record>
  <date>2017-07-05T17:19:26.028-0300</date>
  <logger>THIAGO CUNHA MONTENEGRO</logger>
  <level>FINE</level>
  <message>File 115211060-THIAGO CUNHA MONTENEGRO.zip was received. It was sent by THIAGO CUNHA MONTENEGRO from IP 127.0.1.1</message>
</record>
</log>
<?xml version="1.0" encoding="UTF-8" standalone="no"?>
<!DOCTYPE log SYSTEM "logger.dtd">
<log>
<record>
  <date>2017-07-05T17:41:32.810-0300</date>
  <logger>THIAGO CUNHA MONTENEGRO</logger>
  <level>FINE</level>
  <message>File 115211060-THIAGO CUNHA MONTENEGRO.zip was received. It was sent by THIAGO CUNHA MONTENEGRO from IP 127.0.1.1</message>
</record>
