<?xml version="1.0" encoding="UTF-8" standalone="no"?>
<!DOCTYPE log SYSTEM "logger.dtd">
<head/><log>
<record>
  <date>2016-11-23T17:12:31.286-0300</date>
  <logger>THIAGO CUNHA MONTENEGRO</logger>
  <level>FINE</level>
  <message>File 115211060-THIAGO CUNHA MONTENEGRO.zip was received. It was sent by THIAGO CUNHA MONTENEGRO from IP 150.165.74.131</message>
</record>
</log>
<?xml version="1.0" encoding="UTF-8" standalone="no"?>
<!DOCTYPE log SYSTEM "logger.dtd">
<log>
<record>
  <date>2016-11-23T17:31:56.218-0300</date>
  <logger>THIAGO CUNHA MONTENEGRO</logger>
  <level>FINE</level>
  <message>File 115211060-THIAGO CUNHA MONTENEGRO.zip was received. It was sent by THIAGO CUNHA MONTENEGRO from IP 150.165.74.131</message>
</record>
</log>
<?xml version="1.0" encoding="UTF-8" standalone="no"?>
<!DOCTYPE log SYSTEM "logger.dtd">
<log>
<record>
  <date>2016-11-23T17:32:50.583-0300</date>
  <logger>THIAGO CUNHA MONTENEGRO</logger>
  <level>FINE</level>
  <message>File 115211060-THIAGO CUNHA MONTENEGRO.zip was received. It was sent by THIAGO CUNHA MONTENEGRO from IP 150.165.74.131</message>
</record>
