<?xml version="1.0" encoding="UTF-8" standalone="no"?>
<!DOCTYPE log SYSTEM "logger.dtd">
<log>
<record>
  <date>2017-09-04T13:56:18.703-0300</date>
  <logger>THIAGO CUNHA MONTENEGRO</logger>
  <level>FINE</level>
  <message>File 115211060-THIAGO CUNHA MONTENEGRO.zip was received. It was sent by THIAGO CUNHA MONTENEGRO from IP 127.0.1.1</message>
</record>
</log>
<?xml version="1.0" encoding="UTF-8" standalone="no"?>
<!DOCTYPE log SYSTEM "logger.dtd">
<log>
<record>
  <date>2017-09-04T14:57:42.221-0300</date>
  <logger>THIAGO CUNHA MONTENEGRO</logger>
  <level>FINE</level>
  <message>File 115211060-THIAGO CUNHA MONTENEGRO.zip was received. It was sent by THIAGO CUNHA MONTENEGRO from IP 127.0.1.1</message>
</record>
</log>
<?xml version="1.0" encoding="UTF-8" standalone="no"?>
<!DOCTYPE log SYSTEM "logger.dtd">
<log>
<record>
  <date>2017-09-04T15:06:49.885-0300</date>
  <logger>THIAGO CUNHA MONTENEGRO</logger>
  <level>FINE</level>
  <message>File 115211060-THIAGO CUNHA MONTENEGRO.zip was received. It was sent by THIAGO CUNHA MONTENEGRO from IP 127.0.1.1</message>
</record>
</log>
<?xml version="1.0" encoding="UTF-8" standalone="no"?>
<!DOCTYPE log SYSTEM "logger.dtd">
<log>
<record>
  <date>2017-09-04T15:24:35.684-0300</date>
  <logger>THIAGO CUNHA MONTENEGRO</logger>
  <level>FINE</level>
  <message>File 115211060-THIAGO CUNHA MONTENEGRO.zip was received. It was sent by THIAGO CUNHA MONTENEGRO from IP 127.0.1.1</message>
</record>
</log>
<?xml version="1.0" encoding="UTF-8" standalone="no"?>
<!DOCTYPE log SYSTEM "logger.dtd">
<log>
<record>
  <date>2017-09-04T15:24:57.750-0300</date>
  <logger>THIAGO CUNHA MONTENEGRO</logger>
  <level>FINE</level>
  <message>File 115211060-THIAGO CUNHA MONTENEGRO.zip was received. It was sent by THIAGO CUNHA MONTENEGRO from IP 127.0.1.1</message>
</record>
</log>
<?xml version="1.0" encoding="UTF-8" standalone="no"?>
<!DOCTYPE log SYSTEM "logger.dtd">
<log>
<record>
  <date>2017-09-04T15:28:58.243-0300</date>
  <logger>THIAGO CUNHA MONTENEGRO</logger>
  <level>FINE</level>
  <message>File 115211060-THIAGO CUNHA MONTENEGRO.zip was received. It was sent by THIAGO CUNHA MONTENEGRO from IP 127.0.1.1</message>
</record>
</log>
<?xml version="1.0" encoding="UTF-8" standalone="no"?>
<!DOCTYPE log SYSTEM "logger.dtd">
<log>
<record>
  <date>2017-09-04T15:31:07.363-0300</date>
  <logger>THIAGO CUNHA MONTENEGRO</logger>
  <level>FINE</level>
  <message>File 115211060-THIAGO CUNHA MONTENEGRO.zip was received. It was sent by THIAGO CUNHA MONTENEGRO from IP 127.0.1.1</message>
</record>
</log>
<?xml version="1.0" encoding="UTF-8" standalone="no"?>
<!DOCTYPE log SYSTEM "logger.dtd">
<log>
<record>
  <date>2017-09-04T15:34:20.274-0300</date>
  <logger>THIAGO CUNHA MONTENEGRO</logger>
  <level>FINE</level>
  <message>File 115211060-THIAGO CUNHA MONTENEGRO.zip was received. It was sent by THIAGO CUNHA MONTENEGRO from IP 127.0.1.1</message>
</record>
</log>
<?xml version="1.0" encoding="UTF-8" standalone="no"?>
<!DOCTYPE log SYSTEM "logger.dtd">
<log>
<record>
  <date>2017-09-04T15:36:06.136-0300</date>
  <logger>THIAGO CUNHA MONTENEGRO</logger>
  <level>FINE</level>
  <message>File 115211060-THIAGO CUNHA MONTENEGRO.zip was received. It was sent by THIAGO CUNHA MONTENEGRO from IP 127.0.1.1</message>
</record>
