<?xml version="1.0" encoding="UTF-8" standalone="no"?>
<!DOCTYPE log SYSTEM "logger.dtd">
<log>
<record>
  <date>2017-06-21T16:04:06.130-0300</date>
  <logger>THIAGO CUNHA MONTENEGRO</logger>
  <level>FINE</level>
  <message>File 115211060-THIAGO CUNHA MONTENEGRO.zip was received. It was sent by THIAGO CUNHA MONTENEGRO from IP 127.0.1.1</message>
</record>
</log>
<?xml version="1.0" encoding="UTF-8" standalone="no"?>
<!DOCTYPE log SYSTEM "logger.dtd">
<log>
<record>
  <date>2017-06-21T17:55:30.347-0300</date>
  <logger>THIAGO CUNHA MONTENEGRO</logger>
  <level>FINE</level>
  <message>File 115211060-THIAGO CUNHA MONTENEGRO.zip was received. It was sent by THIAGO CUNHA MONTENEGRO from IP 127.0.1.1</message>
</record>
</log>
<?xml version="1.0" encoding="UTF-8" standalone="no"?>
<!DOCTYPE log SYSTEM "logger.dtd">
<log>
<record>
  <date>2017-06-21T17:59:24.666-0300</date>
  <logger>THIAGO CUNHA MONTENEGRO</logger>
  <level>FINE</level>
  <message>File 115211060-THIAGO CUNHA MONTENEGRO.zip was received. It was sent by THIAGO CUNHA MONTENEGRO from IP 127.0.1.1</message>
</record>
</log>
<?xml version="1.0" encoding="UTF-8" standalone="no"?>
<!DOCTYPE log SYSTEM "logger.dtd">
<log>
<record>
  <date>2017-06-21T20:44:33.538-0300</date>
  <logger>THIAGO CUNHA MONTENEGRO</logger>
  <level>FINE</level>
  <message>File 115211060-THIAGO CUNHA MONTENEGRO.zip was received. It was sent by THIAGO CUNHA MONTENEGRO from IP 192.168.25.5</message>
</record>
